<?xml version="1.0" encoding="UTF-8"?>
<!-- Generated by org.testng.reporters.JUnitReportReporter -->
<testsuite hostname="SDET-LT07" failures="0" tests="2" name="forEachJavaStream" time="0.021" errors="0" timestamp="2023-07-24T13:48:57 IST" skipped="0">
  <testcase classname="forEachJavaStream" name="streamInteger" time="0.007"/>
  <testcase classname="forEachJavaStream" name="collectStream" time="0.014"/>
</testsuite> <!-- forEachJavaStream -->
