<?xml version="1.0" encoding="UTF-8"?>
<!-- Generated by org.testng.reporters.JUnitReportReporter -->
<testsuite hostname="SDET-LT07" failures="0" tests="2" name="JavaStream" time="0.022" errors="0" timestamp="2023-07-24T12:52:19 IST" skipped="0">
  <testcase classname="JavaStream" name="directlyCreateStream" time="0.014"/>
  <testcase classname="JavaStream" name="streamFilters" time="0.008"/>
</testsuite> <!-- JavaStream -->
